-------------------------------------------------------------------------------
Test set: com.slh.muontra.DocGiaTest
-------------------------------------------------------------------------------
Tests run: 1, Failures: 1, Errors: 0, Skipped: 0, Time elapsed: 0.356 s <<< FAILURE! - in com.slh.muontra.DocGiaTest
TestName  Time elapsed: 0.347 s  <<< FAILURE!
org.opentest4j.AssertionFailedError: expected: <true> but was: <false>
	at com.slh.quanlythuvienapp/com.slh.muontra.DocGiaTest.TestName(DocGiaTest.java:36)

